2023-12-23 19:57:48.378691 -- end 1a, 1f, 5c
2023-12-23 19:59:38.773651 -- note: testing - DDB
2023-12-23 20:00:12.017642 -- start 1a, 1f, 5c
2023-12-23 20:00:32.005171 -- fcen: 1680.0
2023-12-23 20:09:55.105259 -- tstart
2023-12-23 20:09:55.105259 -- bw: 122880000.0
2023-12-23 20:12:26.729999 -- az: 121.958, el: 23.603
2023-12-23 20:12:58.977930 -- end 1a, 1f, 5c
2023-12-23 20:13:11.267637 -- tstop
2023-12-23 20:32:21.519748 -- note: end test - DDB
2023-12-23 23:57:16.663461 -- note: testing script
2023-12-25 01:49:47.073150 -- session start: ddb
2023-12-25 01:50:09.315477 -- fcen: 1575.0
2023-12-25 01:51:14.287787 -- note: Attempt GPS
2023-12-25 01:55:21.697109 -- az: 171.662, el: 35.32
2023-12-25 01:56:33.312583 -- note: NAVSTAR 72 expected 2023-12-24-T18:01:35.7
2023-12-25 01:58:31.172150 -- tstart
2023-12-25 01:58:31.172150 -- bw: 122880000.0
2023-12-25 02:07:41.325188 -- tstop
2023-12-25 02:12:37.119396 -- az: 238.275, el: 51.614
2023-12-25 02:13:12.126487 -- tstart
2023-12-25 02:13:12.126487 -- bw: 122880000.0
2023-12-25 02:14:01.176457 -- note: NAVSTAR 44 expected 2023-12-24T18:20:54.4
2023-12-25 02:31:45.116461 -- tstop
2023-12-25 02:33:33.306983 -- end: 1a, 1f, 5c
2023-12-25 23:41:27.534785 -- session start: ddb
2023-12-25 23:42:22.515721 -- note: NAVSTAR 82: expected 2023-12-25T15:49:19
2023-12-25 23:42:34.694489 -- fcen: 1575.0
2023-12-25 23:43:33.530749 -- az: 48.515, el: 35.775
2023-12-25 23:44:14.142548 -- tstart
2023-12-25 23:44:14.142548 -- bw: 122880000.0
2023-12-25 23:55:17.985209 -- tstop
2023-12-25 23:58:21.316799 -- note: NAVSTAR 82: expected 2023-12-25T16:06:55
2023-12-25 23:58:52.471550 -- az: 47.815, el: 28.547
2023-12-25 23:59:35.122339 -- tstart
2023-12-25 23:59:35.122339 -- bw: 122880000.0
2023-12-26 00:09:35.720901 -- tstop
2023-12-26 00:11:30.288888 -- note: NAVSTAR: 73: expected 2023-12-25T16:19:43
2023-12-26 00:12:25.808363 -- az: 106.064, el: 39.499
2023-12-26 00:12:26.111282 -- tstart
2023-12-26 00:12:26.111282 -- bw: 122880000.0
2023-12-26 00:23:35.845012 -- tstop
2023-12-26 00:24:42.335491 -- end: 1a, 1f, 5c
2023-12-26 20:26:15.128850 -- session start: ddb
2023-12-26 20:28:26.536890 -- note: NAVSTAR 75: expected 2013-12-26T12:37:32
2023-12-26 20:29:28.783694 -- az: 69.623, el: 49.352
2023-12-26 20:29:38.545761 -- fcen: 1575.0
2023-12-26 20:30:45.137057 -- tstart
2023-12-26 20:30:45.137057 -- bw: 122880000.0
2023-12-26 20:42:41.079192 -- tstop
2023-12-26 20:44:56.930843 -- fcen: 1680.0
2023-12-26 20:46:08.292680 -- az: 121.958, el: 23.603
2023-12-26 20:47:47.428723 -- az: 122.046, el: 23.571
2023-12-26 21:10:28.738534 -- end: 1a, 1f, 5c
2023-12-27 20:57:04.810226 -- session start: ddb
2023-12-27 20:58:26.762886 -- fcen: 1575.0
2023-12-27 21:00:05.860041 -- note: NAVSTAR 76: expected 2023-12-27T13:10:12
2023-12-27 21:01:27.189436 -- az: 45.139, el: 60.122
2023-12-27 21:02:18.145473 -- tstart
2023-12-27 21:02:18.145473 -- bw: 122880000.0
2023-12-27 21:16:54.712619 -- tstop
2023-12-27 21:44:59.472941 -- *******Need to properly handle UTC!!!*******
2023-12-27 21:47:31.593670 -- az: 95.558, el: 51.373
2023-12-27 21:48:02.131820 -- tstart
2023-12-27 21:48:02.131820 -- bw: 122880000.0
2023-12-27 21:50:20.405148 -- note: NAVSTAR 62: Trying UTC offset.  Expected 2023-12-27T13:55:30?
2023-12-27 22:02:03.165891 -- tstop
2023-12-27 22:41:26.846485 -- az: 111.502, el: 62.738
2023-12-27 22:42:16.155314 -- tstart
2023-12-27 22:42:16.155314 -- bw: 122880000.0
2023-12-27 22:43:14.981328 -- note: NAVSTAR 69: expected 2023-12-27T14:50:31
2023-12-27 22:57:00.069231 -- tstop
2023-12-27 23:04:03.483474 -- az: 39.299, el: 64.88
2023-12-27 23:05:04.148319 -- tstart
2023-12-27 23:05:04.148319 -- bw: 122880000.0
2023-12-27 23:05:15.812555 -- note: NAVSTAR 80: expected 2023-12-27T15:13:06
2023-12-27 23:19:55.784169 -- tstop
2023-12-27 23:32:40.750441 -- end: 1a, 1f, 5c
2023-12-28 05:38:03.148589 -- tstart
2023-12-28 05:38:03.148589 -- bw: 122880000.0
2023-12-28 05:38:36.901205 -- tstop
2023-12-28 20:02:08.829479 -- session start: ddb
2023-12-28 20:02:53.726267 -- fcen: 1575.0
2023-12-28 20:05:08.459248 -- az: 149.573, el: 54.426
2023-12-28 20:05:16.175519 -- tstart
2023-12-28 20:05:16.175519 -- bw: 122880000.0
2023-12-28 20:09:17.939042 -- note: NAVSTAR 71: expected 2023-12-28T12:12:15
2023-12-28 20:20:10.828775 -- tstop
2023-12-28 20:21:06.699054 -- fcen: 1227.0
2023-12-28 20:22:56.265091 -- az: 153.442, el: 44.851
2023-12-28 20:23:45.135264 -- tstart
2023-12-28 20:23:45.135264 -- bw: 122880000.0
2023-12-28 20:24:58.671321 -- note: NAVSTAR 71: expected 2023-12-28T12:31:54
2023-12-28 20:38:39.902575 -- tstop
2023-12-28 20:47:15.722060 -- end: 1a, 1f, 5c
2023-12-30 01:15:33.014882 -- session start: ddb
2023-12-30 01:15:54.318161 -- fcen: 1220.0
2023-12-30 01:17:35.657456 -- az: 41.533, el: 64.707
2023-12-30 01:17:36.147888 -- tstart
2023-12-30 01:17:36.147888 -- bw: 122880000.0
2023-12-30 01:23:26.582026 -- az: 42.739, el: 60.957
2023-12-30 01:23:52.843368 -- note: NAVSTAR 54: expected 2023-12-29T17:32:39
2023-12-30 01:37:46.132814 -- tstop
2023-12-30 01:38:46.884636 -- fcen: 1575.0
2023-12-30 01:39:52.937672 -- az: 45.759, el: 53.568
2023-12-30 01:41:08.772230 -- note: NAVSTAR 54: Expected 2023-12-29T17:49:06
2023-12-30 01:41:31.130927 -- tstart
2023-12-30 01:41:31.130927 -- bw: 122880000.0
2023-12-30 01:57:29.080232 -- tstop
2023-12-30 01:57:47.375146 -- end: 1a, 1f, 5c
2023-12-30 23:38:51.490197 -- session start: ddb
2023-12-30 23:39:12.618050 -- fcen: 1575.0
2023-12-30 23:40:38.485653 -- az: 137.832, el: 32.413
2023-12-30 23:40:48.126716 -- tstart
2023-12-30 23:40:48.126716 -- bw: 122880000.0
2023-12-30 23:41:57.515908 -- note: NAVSTAR 69: Expected 2023-12-30T15:48:55 L1
2023-12-30 23:56:39.123536 -- tstop
2023-12-30 23:59:27.586954 -- fcen: 1220.0
2023-12-31 00:00:52.184253 -- az: 53.344, el: 66.528
2023-12-31 00:01:09.136076 -- tstart
2023-12-31 00:01:09.136076 -- bw: 122880000.0
2023-12-31 00:01:42.263527 -- note: NAVSTAR 57: Expected 2023-12-30T16:09:00
2023-12-31 00:38:56.460678 -- tstop
2023-12-31 00:41:13.587954 -- end: 1a, 1f, 5c
2023-12-31 22:03:22.171770 -- session start: ddb
2023-12-31 22:03:43.400565 -- fcen: 1420.0
2023-12-31 22:33:48.455191 -- source casa
2023-12-31 22:34:53.154751 -- tstart
2023-12-31 22:34:53.154751 -- bw: 122880000.0
2023-12-31 22:38:00.217748 -- az: 37.73, el: 20.0
2023-12-31 22:38:45.934886 -- tstop
2023-12-31 22:57:50.792442 -- az: 180.0, el: 30.0
2023-12-31 22:59:34.753905 -- ra: 21.5, dec: 60.0
2023-12-31 22:59:39.129078 -- tstart
2023-12-31 22:59:39.129078 -- bw: 122880000.0
2023-12-31 23:00:25.531838 -- ra: 21.5, dec: 70.0
2023-12-31 23:01:17.089769 -- ra: 21.5, dec: 50.0
2023-12-31 23:01:51.323222 -- ra: 21.5, dec: 60.0
2023-12-31 23:14:30.488280 -- ra: 19.0, dec: -20.0
2023-12-31 23:14:31.115727 -- tstop
2023-12-31 23:14:53.403216 -- az: 220.0, el: 18.0
2023-12-31 23:20:33.176713 -- fcen: 1430.0
2023-12-31 23:21:00.738424 -- fcen: 1430.0
2023-12-31 23:22:58.807098 -- source casa
2023-12-31 23:23:59.132899 -- tstart
2023-12-31 23:23:59.132899 -- bw: 122880000.0
2023-12-31 23:27:21.676361 -- az: 30.451, el: 67.368
2023-12-31 23:27:42.860937 -- tstop
2023-12-31 23:28:23.479533 -- fcen: 1575.0
2023-12-31 23:29:18.856743 -- note: NAVSTAR 48: Expected 2023-12-31T15:36:24
2023-12-31 23:29:19.140639 -- tstart
2023-12-31 23:29:19.140639 -- bw: 122880000.0
2023-12-31 23:29:48.000539 -- note: starting AzEl near CasA
2023-12-31 23:51:50.200311 -- tstop
2023-12-31 23:52:08.002154 -- end: 1a, 1f, 5c
2024-01-01 22:52:15.164012 -- session start: ddb -- 1a / 1a, 1f, 5c
2024-01-01 22:52:42.606565 -- fcen: 1575.0
2024-01-01 22:54:22.002412 -- note: CasA tuned to GPS L1
2024-01-01 22:54:28.212199 -- source casa
2024-01-01 22:55:02.097793 -- tstart
2024-01-01 22:55:02.097793 -- bw: 122880000.0
2024-01-01 22:58:51.746315 -- note: Bad impulsive RFI around 1.52 GHz
2024-01-01 23:05:00.403221 -- az: 32.67, el: 65.94
2024-01-01 23:12:58.354557 -- tstop
2024-01-01 23:15:24.006657 -- fcen: 1420.0
2024-01-01 23:21:12.140486 -- tstart
2024-01-01 23:21:12.140486 -- bw: 122880000.0
2024-01-01 23:22:15.160536 -- fcen: 1227.0
2024-01-01 23:23:47.826375 -- tstop
2024-01-01 23:25:46.385145 -- az: 63.254, el: 50.398
2024-01-01 23:26:37.234672 -- note: NAVSTAR 80: Expected 2024-01-01T15:34:59
2024-01-01 23:27:32.129363 -- tstart
2024-01-01 23:27:32.129363 -- bw: 122880000.0
2024-01-01 23:42:09.991195 -- tstop
2024-01-01 23:43:08.196000 -- Writing nav80_240101_153459.h5
2024-01-01 23:43:33.021453 -- end: 1a / 1a, 1f, 5c
2024-01-02 18:34:45.153598 -- session start: ddb -- 1a / 1a, 1f, 5c
2024-01-02 19:09:50.879990 -- fcen: 1575.0
2024-01-02 19:11:43.570265 -- az: 139.325, el: 70.487
2024-01-02 19:11:44.131350 -- tstart
2024-01-02 19:11:44.131350 -- bw: 122880000.0
2024-01-02 19:12:25.105985 -- note: NAVSTAR 71: Expected 2024-01-02T11:19:35
2024-01-02 19:20:49.930438 -- Updating TLEs
2024-01-02 19:29:04.155427 -- tstop
2024-01-02 19:29:29.238906 -- Writing nav71_240102_111935.h5
2024-01-02 20:34:48.742120 -- az: 157.876, el: 29.936
2024-01-02 20:35:02.125770 -- tstart
2024-01-02 20:35:02.125770 -- bw: 122880000.0
2024-01-02 20:35:26.136716 -- note: NAVSTAR 71: Expected 2024-01-02T12:43:25
2024-01-02 20:54:00.706746 -- tstop
2024-01-02 20:54:23.299769 -- Writing nav71_240102_124325.h5
2024-01-02 21:16:20.373324 -- fcen: 1420.0
2024-01-02 21:20:57.414581 -- az: 209.0, el: 30.0
2024-01-02 21:21:17.135277 -- trajectory track.ephem
2024-01-02 21:22:17.124791 -- tstart
2024-01-02 21:22:17.124791 -- bw: 122880000.0
2024-01-02 21:26:26.158930 -- note: 20min scan of b=0, starting at l=17
2024-01-02 21:44:43.484255 -- tstop
2024-01-02 21:45:37.283965 -- Writing b0_240102_132422.h5
2024-01-02 21:47:47.134320 -- end: 1a / 1a, 1f, 5c
2024-01-03 02:25:16.476163 -- session start: ddb -- 1a / 1a, 1f, 5c
2024-01-03 02:25:31.328809 -- fcen: 1420.0
2024-01-03 02:29:47.302285 -- trajectory track.ephem
2024-01-03 02:29:58.444278 -- fcen: 1410.0
2024-01-03 02:31:16.046294 -- note: 10min b=0 l=70-130
2024-01-03 02:32:26.175214 -- tstart
2024-01-03 02:32:26.175214 -- bw: 122880000.0
2024-01-03 02:35:05.533717 -- note: started nrdz_use about a minute late
2024-01-03 02:41:38.056444 -- tstop
2024-01-03 02:42:03.538649 -- note: got caught by the wrap at the end
2024-01-03 02:42:35.261352 -- Writing b0_240102_183122.h5
2024-01-03 02:55:13.119966 -- end: 1a / 1a, 1f, 5c
2024-01-03 22:25:27.711379 -- session start: ddb -- 1a / 1a
2024-01-03 22:25:43.850774 -- fcen: 1410.0
2024-01-03 22:27:35.065396 -- trajectory track.ephem
2024-01-03 22:28:50.964425 -- note: 10min b=0, l=26-86
2024-01-03 22:46:13.016137 -- trajectory track.ephem
2024-01-03 22:46:53.978781 -- note: 10min b=0, l=28-88
2024-01-03 22:47:18.439427 -- tstart
2024-01-03 22:47:18.439427 -- bw: 122880000.0
2024-01-03 23:00:00.966506 -- tstop
2024-01-03 23:00:38.645825 -- Writing b0_240103_144942.h5
2024-01-03 23:03:21.000695 -- Updating TLEs
2024-01-03 23:16:53.601421 -- fcen: 1575.0
2024-01-03 23:18:17.807036 -- az: 218.363, el: 52.076
2024-01-03 23:19:22.277709 -- note: NAVSTAR 79: Expected 2024-01-03T15:26:47
2024-01-03 23:20:16.380386 -- tstart
2024-01-03 23:20:16.380386 -- bw: 122880000.0
2024-01-03 23:33:30.496371 -- tstop
2024-01-03 23:33:49.384883 -- end: 1a / 1a
2024-01-04 00:35:26.628427 -- Writing nav79_240103_152647.h5
2024-01-04 00:42:56.041138 -- session start: ddb -- 1a / 1a
2024-01-04 00:43:03.261612 -- fcen: 1410.0
2024-01-04 00:45:08.960372 -- trajectory track.ephem
2024-01-04 00:45:08.960532 -- Start at: 2024-01-04 00:47:25.290928 UTC
2024-01-04 00:45:08.960558 -- l=50.000, b=0.000
2024-01-04 00:45:08.960580 -- RA=290.829, Dec=15.142
2024-01-04 00:45:08.960600 -- Az=263.750, El=30.615
2024-01-04 00:45:08.960617 -- End at: 2024-01-04 00:57:24.290928 UTC
2024-01-04 00:45:08.960644 -- l=109.900, b=0.000
2024-01-04 00:45:08.960662 -- RA=345.947, Dec=60.119
2024-01-04 00:45:08.960680 -- Az=345.896, El=69.636
2024-01-04 00:46:27.731517 -- tstart
2024-01-04 00:46:27.731517 -- bw: 122880000.0
2024-01-04 00:58:08.555329 -- tstop
2024-01-04 01:00:38.104284 -- Writing b0_240103_164725.h5
2024-01-04 01:01:39.249833 -- trajectory track.ephem
2024-01-04 01:01:39.249983 -- Start at: 2024-01-04 01:03:44.156719 UTC
2024-01-04 01:01:39.250008 -- l=54.000, b=2.000
2024-01-04 01:01:39.250026 -- RA=290.961, Dec=19.612
2024-01-04 01:01:39.250057 -- Az=270.540, El=30.346
2024-01-04 01:01:39.250074 -- End at: 2024-01-04 01:13:43.156719 UTC
2024-01-04 01:01:39.250092 -- l=113.900, b=2.000
2024-01-04 01:01:39.250110 -- RA=352.332, Dec=63.423
2024-01-04 01:01:39.250127 -- Az=351.476, El=66.833
2024-01-04 01:02:36.063110 -- tstart
2024-01-04 01:02:36.063110 -- bw: 122880000.0
2024-01-04 01:54:55.510168 -- tstop
2024-01-04 01:56:00.253789 -- Writing b2_240103_050344.h5
2024-01-04 01:56:41.757193 -- end: 1a / 1a
2024-01-05 15:14:57.598760 -- Updating TLEs
2024-01-07 00:08:14.598476 -- session start: ddb -- 1a / 1a
2024-01-07 00:08:35.145297 -- fcen: 1575.0
2024-01-07 00:10:00.791673 -- Updating TLEs
2024-01-07 00:19:27.863508 -- az: 55.763, el: 65.951
2024-01-07 00:20:06.770363 -- note: NAVSTAR 78: Expected 2024-01-06T16:27:13
2024-01-07 00:21:05.136764 -- tstart
2024-01-07 00:21:05.136764 -- bw: 122880000.0
2024-01-07 00:29:54.313322 -- note: Forgot the UTC on server
2024-01-07 00:29:57.527919 -- tstop
2024-01-07 00:30:22.454730 -- Writing sky_240106_160000.h5
2024-01-07 00:32:32.100339 -- az: 49.077, el: 40.622
2024-01-07 00:33:05.096588 -- note: NAVSTAR 57: Expected 24-01-06T164105
2024-01-07 00:33:56.137983 -- tstart
2024-01-07 00:33:56.137983 -- bw: 122880000.0
2024-01-07 01:46:03.797765 -- tstop
2024-01-07 01:49:41.589599 -- end: 1a / 1a
2024-01-08 01:16:01.454666 -- Updating TLEs
